<?xml version="1.0" encoding="UTF-8"?>
<coverage generated="1654439873136" clover="3.2.0">
  <project timestamp="1654439873136" name="All files">
    <metrics statements="28" coveredstatements="28" conditionals="6" coveredconditionals="6" methods="6" coveredmethods="6" elements="40" coveredelements="40" complexity="0" loc="28" ncloc="28" packages="3" files="3" classes="3"/>
    <package name="components.atoms.d-button">
      <metrics statements="12" coveredstatements="12" conditionals="3" coveredconditionals="3" methods="3" coveredmethods="3"/>
      <file name="index.tsx" path="C:\Users\bykof\PhpstormProjects\vue-ui-monorepo\packages\vue-ui\src\components\atoms\d-button\index.tsx">
        <metrics statements="12" coveredstatements="12" conditionals="3" coveredconditionals="3" methods="3" coveredmethods="3"/>
        <line num="1" count="1" type="stmt"/>
        <line num="3" count="1" type="stmt"/>
        <line num="5" count="1" type="stmt"/>
        <line num="6" count="1" type="stmt"/>
        <line num="7" count="1" type="stmt"/>
        <line num="9" count="1" type="stmt"/>
        <line num="32" count="3" type="stmt"/>
        <line num="36" count="3" type="stmt"/>
        <line num="43" count="2" type="stmt"/>
        <line num="48" count="6" type="cond" truecount="1" falsecount="0"/>
        <line num="49" count="3" type="stmt"/>
        <line num="58" count="3" type="stmt"/>
      </file>
    </package>
    <package name="components.containers.d-typography">
      <metrics statements="14" coveredstatements="14" conditionals="3" coveredconditionals="3" methods="3" coveredmethods="3"/>
      <file name="index.tsx" path="C:\Users\bykof\PhpstormProjects\vue-ui-monorepo\packages\vue-ui\src\components\containers\d-typography\index.tsx">
        <metrics statements="14" coveredstatements="14" conditionals="3" coveredconditionals="3" methods="3" coveredmethods="3"/>
        <line num="1" count="1" type="stmt"/>
        <line num="2" count="1" type="stmt"/>
        <line num="4" count="1" type="stmt"/>
        <line num="5" count="1" type="stmt"/>
        <line num="6" count="1" type="stmt"/>
        <line num="8" count="1" type="stmt"/>
        <line num="9" count="1" type="stmt"/>
        <line num="11" count="1" type="stmt"/>
        <line num="34" count="3" type="stmt"/>
        <line num="38" count="3" type="stmt"/>
        <line num="43" count="6" type="stmt"/>
        <line num="45" count="6" type="cond" truecount="1" falsecount="0"/>
        <line num="46" count="3" type="stmt"/>
        <line num="49" count="6" type="stmt"/>
      </file>
    </package>
    <package name="types">
      <metrics statements="2" coveredstatements="2" conditionals="0" coveredconditionals="0" methods="0" coveredmethods="0"/>
      <file name="tag-name.ts" path="C:\Users\bykof\PhpstormProjects\vue-ui-monorepo\packages\vue-ui\src\types\tag-name.ts">
        <metrics statements="2" coveredstatements="2" conditionals="0" coveredconditionals="0" methods="0" coveredmethods="0"/>
        <line num="1" count="1" type="stmt"/>
        <line num="9" count="1" type="stmt"/>
      </file>
    </package>
  </project>
</coverage>
