<?xml version="1.0" encoding="UTF-8"?>
<coverage generated="1654435133900" clover="3.2.0">
  <project timestamp="1654435133900" name="All files">
    <metrics statements="19" coveredstatements="18" conditionals="3" coveredconditionals="1" methods="4" coveredmethods="4" elements="26" coveredelements="23" complexity="0" loc="19" ncloc="19" packages="3" files="3" classes="3"/>
    <package name="components.atoms.d-button">
      <metrics statements="3" coveredstatements="3" conditionals="0" coveredconditionals="0" methods="1" coveredmethods="1"/>
      <file name="index.tsx" path="C:\Users\bykof\PhpstormProjects\vue-ui-monorepo\packages\vue-ui\src\components\atoms\d-button\index.tsx">
        <metrics statements="3" coveredstatements="3" conditionals="0" coveredconditionals="0" methods="1" coveredmethods="1"/>
        <line num="1" count="1" type="stmt"/>
        <line num="3" count="1" type="stmt"/>
        <line num="7" count="4" type="stmt"/>
      </file>
    </package>
    <package name="components.containers.d-typography">
      <metrics statements="14" coveredstatements="13" conditionals="3" coveredconditionals="1" methods="3" coveredmethods="3"/>
      <file name="index.tsx" path="C:\Users\bykof\PhpstormProjects\vue-ui-monorepo\packages\vue-ui\src\components\containers\d-typography\index.tsx">
        <metrics statements="14" coveredstatements="13" conditionals="3" coveredconditionals="1" methods="3" coveredmethods="3"/>
        <line num="1" count="1" type="stmt"/>
        <line num="2" count="1" type="stmt"/>
        <line num="4" count="1" type="stmt"/>
        <line num="5" count="1" type="stmt"/>
        <line num="6" count="1" type="stmt"/>
        <line num="8" count="1" type="stmt"/>
        <line num="10" count="1" type="stmt"/>
        <line num="11" count="1" type="stmt"/>
        <line num="36" count="1" type="stmt"/>
        <line num="40" count="1" type="stmt"/>
        <line num="45" count="1" type="stmt"/>
        <line num="47" count="1" type="cond" truecount="0" falsecount="1"/>
        <line num="48" count="0" type="stmt"/>
        <line num="51" count="2" type="stmt"/>
      </file>
    </package>
    <package name="types">
      <metrics statements="2" coveredstatements="2" conditionals="0" coveredconditionals="0" methods="0" coveredmethods="0"/>
      <file name="tag-name.ts" path="C:\Users\bykof\PhpstormProjects\vue-ui-monorepo\packages\vue-ui\src\types\tag-name.ts">
        <metrics statements="2" coveredstatements="2" conditionals="0" coveredconditionals="0" methods="0" coveredmethods="0"/>
        <line num="1" count="1" type="stmt"/>
        <line num="9" count="1" type="stmt"/>
      </file>
    </package>
  </project>
</coverage>
