{"C:\\Users\\bykof\\PhpstormProjects\\vue-ui-monorepo\\packages\\vue-ui\\src\\components\\atoms\\d-button\\index.tsx": {"path":"C:\\Users\\bykof\\PhpstormProjects\\vue-ui-monorepo\\packages\\vue-ui\\src\\components\\atoms\\d-button\\index.tsx","statementMap":{"0":{"start":{"line":1,"column":0},"end":{"line":1,"column":null}},"1":{"start":{"line":3,"column":0},"end":{"line":3,"column":15}},"2":{"start":{"line":7,"column":4},"end":{"line":7,"column":null}}},"fnMap":{"0":{"name":"(anonymous_0)","decl":{"start":{"line":6,"column":2},"end":{"line":6,"column":8}},"loc":{"start":{"line":6,"column":8},"end":{"line":8,"column":null}}}},"branchMap":{},"s":{"0":1,"1":1,"2":4},"f":{"0":4},"b":{}}
,"C:\\Users\\bykof\\PhpstormProjects\\vue-ui-monorepo\\packages\\vue-ui\\src\\components\\containers\\d-typography\\index.tsx": {"path":"C:\\Users\\bykof\\PhpstormProjects\\vue-ui-monorepo\\packages\\vue-ui\\src\\components\\containers\\d-typography\\index.tsx","statementMap":{"0":{"start":{"line":1,"column":0},"end":{"line":1,"column":null}},"1":{"start":{"line":2,"column":0},"end":{"line":2,"column":85}},"2":{"start":{"line":4,"column":0},"end":{"line":4,"column":75}},"3":{"start":{"line":5,"column":0},"end":{"line":5,"column":95}},"4":{"start":{"line":6,"column":0},"end":{"line":6,"column":64}},"5":{"start":{"line":8,"column":0},"end":{"line":8,"column":70}},"6":{"start":{"line":10,"column":0},"end":{"line":10,"column":null}},"7":{"start":{"line":11,"column":0},"end":{"line":11,"column":15}},"8":{"start":{"line":36,"column":28},"end":{"line":36,"column":null}},"9":{"start":{"line":40,"column":6},"end":{"line":40,"column":13}},"10":{"start":{"line":45,"column":16},"end":{"line":45,"column":null}},"11":{"start":{"line":47,"column":4},"end":{"line":49,"column":null}},"12":{"start":{"line":48,"column":6},"end":{"line":48,"column":25}},"13":{"start":{"line":51,"column":4},"end":{"line":51,"column":null}}},"fnMap":{"0":{"name":"(anonymous_1)","decl":{"start":{"line":35,"column":4},"end":{"line":35,"column":11}},"loc":{"start":{"line":35,"column":11},"end":{"line":41,"column":null}}},"1":{"name":"(anonymous_2)","decl":{"start":{"line":44,"column":2},"end":{"line":44,"column":8}},"loc":{"start":{"line":44,"column":8},"end":{"line":54,"column":null}}},"2":{"name":"(anonymous_3)","decl":{"start":{"line":51,"column":4},"end":{"line":51,"column":null}},"loc":{"start":{"line":51,"column":4},"end":{"line":51,"column":null}}}},"branchMap":{"0":{"loc":{"start":{"line":47,"column":4},"end":{"line":49,"column":null}},"type":"if","locations":[{"start":{"line":47,"column":4},"end":{"line":49,"column":null}}]},"1":{"loc":{"start":{"line":52,"column":33},"end":{"line":52,"column":null}},"type":"binary-expr","locations":[{"start":{"line":52,"column":33},"end":{"line":52,"column":38}},{"start":{"line":52,"column":60},"end":{"line":52,"column":null}}]}},"s":{"0":1,"1":1,"2":1,"3":1,"4":1,"5":1,"6":1,"7":1,"8":1,"9":1,"10":1,"11":1,"12":0,"13":2},"f":{"0":1,"1":1,"2":1},"b":{"0":[0],"1":[1,0]}}
,"C:\\Users\\bykof\\PhpstormProjects\\vue-ui-monorepo\\packages\\vue-ui\\src\\types\\tag-name.ts": {"path":"C:\\Users\\bykof\\PhpstormProjects\\vue-ui-monorepo\\packages\\vue-ui\\src\\types\\tag-name.ts","statementMap":{"0":{"start":{"line":1,"column":26},"end":{"line":1,"column":null}},"1":{"start":{"line":9,"column":18},"end":{"line":9,"column":null}}},"fnMap":{},"branchMap":{},"s":{"0":1,"1":1},"f":{},"b":{}}
}
