TN:
SF:src\components\atoms\d-button\index.tsx
FN:6,(anonymous_0)
FNF:1
FNH:1
FNDA:4,(anonymous_0)
DA:1,1
DA:3,1
DA:7,4
LF:3
LH:3
BRF:0
BRH:0
end_of_record
TN:
SF:src\components\containers\d-typography\index.tsx
FN:35,(anonymous_1)
FN:44,(anonymous_2)
FN:51,(anonymous_3)
FNF:3
FNH:3
FNDA:1,(anonymous_1)
FNDA:1,(anonymous_2)
FNDA:1,(anonymous_3)
DA:1,1
DA:2,1
DA:4,1
DA:5,1
DA:6,1
DA:8,1
DA:10,1
DA:11,1
DA:36,1
DA:40,1
DA:45,1
DA:47,1
DA:48,0
DA:51,2
LF:14
LH:13
BRDA:47,0,0,0
BRDA:52,1,0,1
BRDA:52,1,1,0
BRF:3
BRH:1
end_of_record
TN:
SF:src\types\tag-name.ts
FNF:0
FNH:0
DA:1,1
DA:9,1
LF:2
LH:2
BRF:0
BRH:0
end_of_record
