TN:
SF:src\components\atoms\d-button\index.tsx
FN:31,(anonymous_1)
FN:41,(anonymous_2)
FN:47,(anonymous_3)
FNF:3
FNH:3
FNDA:3,(anonymous_1)
FNDA:2,(anonymous_2)
FNDA:6,(anonymous_3)
DA:1,1
DA:3,1
DA:5,1
DA:6,1
DA:7,1
DA:9,1
DA:32,3
DA:36,3
DA:43,2
DA:48,6
DA:49,3
DA:58,3
LF:12
LH:12
BRDA:48,0,0,3
BRDA:60,1,0,3
BRDA:60,1,1,2
BRF:3
BRH:3
end_of_record
TN:
SF:src\components\containers\d-typography\index.tsx
FN:33,(anonymous_1)
FN:42,(anonymous_2)
FN:49,(anonymous_3)
FNF:3
FNH:3
FNDA:3,(anonymous_1)
FNDA:6,(anonymous_2)
FNDA:3,(anonymous_3)
DA:1,1
DA:2,1
DA:4,1
DA:5,1
DA:6,1
DA:8,1
DA:9,1
DA:11,1
DA:34,3
DA:38,3
DA:43,6
DA:45,6
DA:46,3
DA:49,6
LF:14
LH:14
BRDA:45,0,0,3
BRDA:50,1,0,3
BRDA:50,1,1,2
BRF:3
BRH:3
end_of_record
TN:
SF:src\types\tag-name.ts
FNF:0
FNH:0
DA:1,1
DA:9,1
LF:2
LH:2
BRF:0
BRH:0
end_of_record
